nohup: ignoring input

AUM — WELCOME-TO-THE-GOD

Atomic Chronos Modulator ACTIVE
ϕ⁻¹ threshold: 0.618033988750
Initial I_Tors: 0.618033988750

Chronos Stable | I_Tors = 3.59434504 ≥ 0.61803399
Chronos Stable | I_Tors = 5.57546060 ≥ 0.61803399
Chronos Stable | I_Tors = 7.55657358 ≥ 0.61803399
Chronos Stable | I_Tors = 9.53768686 ≥ 0.61803399
Chronos Stable | I_Tors = 11.51880543 ≥ 0.61803399
Chronos Stable | I_Tors = 13.49991645 ≥ 0.61803399
Chronos Stable | I_Tors = 15.48102886 ≥ 0.61803399
Chronos Stable | I_Tors = 17.46214797 ≥ 0.61803399
Chronos Stable | I_Tors = 19.44326392 ≥ 0.61803399
Chronos Stable | I_Tors = 21.42437614 ≥ 0.61803399
Chronos Stable | I_Tors = 23.40548941 ≥ 0.61803399
Chronos Stable | I_Tors = 25.38660187 ≥ 0.61803399
Chronos Stable | I_Tors = 27.36771261 ≥ 0.61803399
Chronos Stable | I_Tors = 29.34882862 ≥ 0.61803399
Chronos Stable | I_Tors = 31.32994803 ≥ 0.61803399
Chronos Stable | I_Tors = 33.31106322 ≥ 0.61803399
Chronos Stable | I_Tors = 35.29218039 ≥ 0.61803399
Chronos Stable | I_Tors = 37.27329492 ≥ 0.61803399
Chronos Stable | I_Tors = 39.25440777 ≥ 0.61803399
Chronos Stable | I_Tors = 41.23552093 ≥ 0.61803399
Chronos Stable | I_Tors = 43.21664289 ≥ 0.61803399
Chronos Stable | I_Tors = 45.19776814 ≥ 0.61803399
Chronos Stable | I_Tors = 47.17889050 ≥ 0.61803399
Chronos Stable | I_Tors = 49.16001227 ≥ 0.61803399
Chronos Stable | I_Tors = 51.14113222 ≥ 0.61803399
Chronos Stable | I_Tors = 53.12225330 ≥ 0.61803399
Chronos Stable | I_Tors = 55.10336612 ≥ 0.61803399
Chronos Stable | I_Tors = 57.08448213 ≥ 0.61803399
Chronos Stable | I_Tors = 59.06559794 ≥ 0.61803399
Chronos Stable | I_Tors = 61.04671759 ≥ 0.61803399
Chronos Stable | I_Tors = 63.02783804 ≥ 0.61803399
Chronos Stable | I_Tors = 65.00895803 ≥ 0.61803399
Chronos Stable | I_Tors = 66.99007870 ≥ 0.61803399
Chronos Stable | I_Tors = 68.97119908 ≥ 0.61803399
Chronos Stable | I_Tors = 70.95231491 ≥ 0.61803399
Chronos Stable | I_Tors = 72.93343518 ≥ 0.61803399
Chronos Stable | I_Tors = 74.91455530 ≥ 0.61803399
Chronos Stable | I_Tors = 76.89567559 ≥ 0.61803399
Chronos Stable | I_Tors = 78.87679218 ≥ 0.61803399
Chronos Stable | I_Tors = 80.85791173 ≥ 0.61803399
Chronos Stable | I_Tors = 82.83903344 ≥ 0.61803399
Chronos Stable | I_Tors = 84.82015180 ≥ 0.61803399
Chronos Stable | I_Tors = 86.80127222 ≥ 0.61803399
Chronos Stable | I_Tors = 88.78239328 ≥ 0.61803399
Chronos Stable | I_Tors = 90.76351288 ≥ 0.61803399
Chronos Stable | I_Tors = 92.74463155 ≥ 0.61803399
Chronos Stable | I_Tors = 94.72575060 ≥ 0.61803399
Chronos Stable | I_Tors = 96.70687144 ≥ 0.61803399
Chronos Stable | I_Tors = 98.68798927 ≥ 0.61803399
Chronos Stable | I_Tors = 100.66910845 ≥ 0.61803399
Chronos Stable | I_Tors = 102.65022187 ≥ 0.61803399
Chronos Stable | I_Tors = 104.63134355 ≥ 0.61803399
Chronos Stable | I_Tors = 106.61246757 ≥ 0.61803399
Chronos Stable | I_Tors = 108.59358478 ≥ 0.61803399
Chronos Stable | I_Tors = 110.57470093 ≥ 0.61803399
Chronos Stable | I_Tors = 112.55582047 ≥ 0.61803399
Chronos Stable | I_Tors = 114.53694292 ≥ 0.61803399
Chronos Stable | I_Tors = 116.51806258 ≥ 0.61803399
Chronos Stable | I_Tors = 118.49918443 ≥ 0.61803399
Chronos Stable | I_Tors = 120.48030795 ≥ 0.61803399
Chronos Stable | I_Tors = 122.46142341 ≥ 0.61803399
Chronos Stable | I_Tors = 124.44254355 ≥ 0.61803399
Chronos Stable | I_Tors = 126.42366818 ≥ 0.61803399
Chronos Stable | I_Tors = 128.40478468 ≥ 0.61803399
Chronos Stable | I_Tors = 130.38590191 ≥ 0.61803399
Chronos Stable | I_Tors = 132.36702076 ≥ 0.61803399
Chronos Stable | I_Tors = 134.34814192 ≥ 0.61803399
Chronos Stable | I_Tors = 136.32926399 ≥ 0.61803399
Chronos Stable | I_Tors = 138.31037820 ≥ 0.61803399
Chronos Stable | I_Tors = 140.29149728 ≥ 0.61803399
Chronos Stable | I_Tors = 142.27261727 ≥ 0.61803399
Chronos Stable | I_Tors = 144.25373421 ≥ 0.61803399
Chronos Stable | I_Tors = 146.23485693 ≥ 0.61803399
Chronos Stable | I_Tors = 148.21597858 ≥ 0.61803399
Chronos Stable | I_Tors = 150.19709913 ≥ 0.61803399
Chronos Stable | I_Tors = 152.17821827 ≥ 0.61803399
Chronos Stable | I_Tors = 154.15933915 ≥ 0.61803399
Chronos Stable | I_Tors = 156.14045963 ≥ 0.61803399
Chronos Stable | I_Tors = 158.12157438 ≥ 0.61803399
Chronos Stable | I_Tors = 160.10269497 ≥ 0.61803399
Chronos Stable | I_Tors = 162.08381128 ≥ 0.61803399
Chronos Stable | I_Tors = 164.06492900 ≥ 0.61803399
Chronos Stable | I_Tors = 166.04604981 ≥ 0.61803399
Chronos Stable | I_Tors = 168.02717155 ≥ 0.61803399
Chronos Stable | I_Tors = 170.00828857 ≥ 0.61803399
Chronos Stable | I_Tors = 171.98940629 ≥ 0.61803399
Chronos Stable | I_Tors = 173.97052179 ≥ 0.61803399
Chronos Stable | I_Tors = 175.95164269 ≥ 0.61803399
Chronos Stable | I_Tors = 177.93276606 ≥ 0.61803399
Chronos Stable | I_Tors = 179.91388502 ≥ 0.61803399
Chronos Stable | I_Tors = 181.89500576 ≥ 0.61803399
Chronos Stable | I_Tors = 183.87612787 ≥ 0.61803399
Chronos Stable | I_Tors = 185.85724913 ≥ 0.61803399
Chronos Stable | I_Tors = 187.83837025 ≥ 0.61803399
Chronos Stable | I_Tors = 189.81948901 ≥ 0.61803399
Chronos Stable | I_Tors = 191.80060988 ≥ 0.61803399
Chronos Stable | I_Tors = 193.78173075 ≥ 0.61803399
Chronos Stable | I_Tors = 195.76285345 ≥ 0.61803399
Chronos Stable | I_Tors = 197.74397412 ≥ 0.61803399
Chronos Stable | I_Tors = 199.72509929 ≥ 0.61803399
Chronos Stable | I_Tors = 201.70622471 ≥ 0.61803399
Chronos Stable | I_Tors = 203.68734698 ≥ 0.61803399
Chronos Stable | I_Tors = 205.66846081 ≥ 0.61803399
Chronos Stable | I_Tors = 207.64957631 ≥ 0.61803399
Chronos Stable | I_Tors = 209.63069842 ≥ 0.61803399
Chronos Stable | I_Tors = 211.61181829 ≥ 0.61803399
Chronos Stable | I_Tors = 213.59293773 ≥ 0.61803399
Chronos Stable | I_Tors = 215.57406050 ≥ 0.61803399
Chronos Stable | I_Tors = 217.55517896 ≥ 0.61803399
Chronos Stable | I_Tors = 219.53629982 ≥ 0.61803399
Chronos Stable | I_Tors = 221.51742541 ≥ 0.61803399
Chronos Stable | I_Tors = 223.49853801 ≥ 0.61803399
Chronos Stable | I_Tors = 225.47965189 ≥ 0.61803399
Chronos Stable | I_Tors = 227.46076306 ≥ 0.61803399
Chronos Stable | I_Tors = 229.44187731 ≥ 0.61803399
Chronos Stable | I_Tors = 231.42298930 ≥ 0.61803399
Chronos Stable | I_Tors = 233.40410397 ≥ 0.61803399
Chronos Stable | I_Tors = 235.38522230 ≥ 0.61803399
Chronos Stable | I_Tors = 237.36634774 ≥ 0.61803399
Chronos Stable | I_Tors = 239.34747016 ≥ 0.61803399
Chronos Stable | I_Tors = 241.32859150 ≥ 0.61803399
Chronos Stable | I_Tors = 243.30971122 ≥ 0.61803399
Chronos Stable | I_Tors = 245.29082933 ≥ 0.61803399
Chronos Stable | I_Tors = 247.27195358 ≥ 0.61803399
Chronos Stable | I_Tors = 249.25307265 ≥ 0.61803399
Chronos Stable | I_Tors = 251.23418924 ≥ 0.61803399
Chronos Stable | I_Tors = 253.21530260 ≥ 0.61803399
Chronos Stable | I_Tors = 255.19641572 ≥ 0.61803399
Chronos Stable | I_Tors = 257.17753025 ≥ 0.61803399
Chronos Stable | I_Tors = 259.15864453 ≥ 0.61803399
Chronos Stable | I_Tors = 261.13976774 ≥ 0.61803399
Chronos Stable | I_Tors = 263.12089311 ≥ 0.61803399
Chronos Stable | I_Tors = 265.10201798 ≥ 0.61803399
Chronos Stable | I_Tors = 267.08313848 ≥ 0.61803399
Chronos Stable | I_Tors = 269.06425973 ≥ 0.61803399
Chronos Stable | I_Tors = 271.04537964 ≥ 0.61803399
Chronos Stable | I_Tors = 273.02649450 ≥ 0.61803399
Chronos Stable | I_Tors = 275.00761339 ≥ 0.61803399
Chronos Stable | I_Tors = 276.98873305 ≥ 0.61803399
Chronos Stable | I_Tors = 278.96985164 ≥ 0.61803399
Chronos Stable | I_Tors = 280.95097476 ≥ 0.61803399
Chronos Stable | I_Tors = 282.93209092 ≥ 0.61803399
Chronos Stable | I_Tors = 284.91321373 ≥ 0.61803399
Chronos Stable | I_Tors = 286.89433764 ≥ 0.61803399
Chronos Stable | I_Tors = 288.87545667 ≥ 0.61803399
Chronos Stable | I_Tors = 290.85658041 ≥ 0.61803399
Chronos Stable | I_Tors = 292.83770227 ≥ 0.61803399
Chronos Stable | I_Tors = 294.81882571 ≥ 0.61803399
Chronos Stable | I_Tors = 296.79994470 ≥ 0.61803399
Chronos Stable | I_Tors = 298.78106512 ≥ 0.61803399
Chronos Stable | I_Tors = 300.76218647 ≥ 0.61803399